#-----------------------------------------------------------
# Vivado v2020.2 (64-bit)
# SW Build 3064766 on Wed Nov 18 09:12:45 MST 2020
# IP Build 3064653 on Wed Nov 18 14:17:31 MST 2020
# Start of session at: Tue Aug 27 20:41:46 2024
# Process ID: 13384
# Current directory: D:/vivadofile/data_send_device/data_send_device-1/p14
# Command line: vivado.exe -gui_launcher_event rodinguilauncherevent8032 D:\vivadofile\data_send_device\data_send_device-1\p14\p14.xpr
# Log file: D:/vivadofile/data_send_device/data_send_device-1/p14/vivado.log
# Journal file: D:/vivadofile/data_send_device/data_send_device-1/p14\vivado.jou
#-----------------------------------------------------------
start_gui
open_project D:/vivadofile/data_send_device/data_send_device-1/p14/p14.xpr
WARNING: [filemgmt 56-3] Default IP Output Path : Could not find the directory 'D:/vivadofile/data_send_device/data_send_device-1/p14/p14.gen/sources_1'.
Scanning sources...
Finished scanning sources
INFO: [IP_Flow 19-234] Refreshing IP repositories
INFO: [IP_Flow 19-1704] No user IP repositories specified
INFO: [IP_Flow 19-2313] Loaded Vivado IP repository 'D:/vivado/Vivado/2020.2/data/ip'.
update_compile_order -fileset sources_1
add_files -norecurse D:/vivadofile/data_send_device/data_send_device-1/p14/p14.srcs/sources_1/new/byte_send.v
update_compile_order -fileset sources_1
set_property top byte_send [current_fileset]
update_compile_order -fileset sources_1
exit
INFO: [Common 17-206] Exiting Vivado at Tue Aug 27 20:43:40 2024...
